<?xml version="1.0" encoding="UTF-8"?>
<testsuites name="Mocha Tests" time="4.937" tests="2" failures="0">
  <testsuite name="Root Suite" timestamp="2024-04-07T20:45:55" tests="0" file="cypress/e2e/spec.cy.js" time="0.000" failures="0">
  </testsuite>
  <testsuite name="Sauce Demo UI Tests" timestamp="2024-04-07T20:45:55" tests="2" time="4.925" failures="0">
    <testcase name="Sauce Demo UI Tests should verify items sorted by Name (A -&gt; Z)" time="1.506" classname="should verify items sorted by Name (A -&gt; Z)">
    </testcase>
    <testcase name="Sauce Demo UI Tests should verify items sorted by Name (Z -&gt; A)" time="0.981" classname="should verify items sorted by Name (Z -&gt; A)">
    </testcase>
  </testsuite>
</testsuites>