<?xml version="1.0" encoding="UTF-8"?>
<testsuites name="Mocha Tests" time="61.990" tests="2" failures="1">
  <testsuite name="Root Suite" timestamp="2024-04-07T20:21:13" tests="0" file="cypress/e2e/spec.cy.js" time="0.000" failures="0">
  </testsuite>
  <testsuite name="Sauce Demo UI Tests" timestamp="2024-04-07T20:21:13" tests="2" time="61.975" failures="1">
    <testcase name="Sauce Demo UI Tests should verify items sorted by Name (A -&gt; Z)" time="1.309" classname="should verify items sorted by Name (A -&gt; Z)">
    </testcase>
    <testcase name="Sauce Demo UI Tests &quot;before each&quot; hook for &quot;should verify items sorted by Name (Z -&gt; A)&quot;" time="0.000" classname="&quot;before each&quot; hook for &quot;should verify items sorted by Name (Z -&gt; A)&quot;">
      <failure message="Timed out after waiting `60000ms` for your remote page to load.

Your page did not fire its `load` event within `60000ms`.

You can try increasing the `pageLoadTimeout` value in `cypress.config.js` to wait longer.

Browsers will not fire the `load` event until all stylesheets and scripts are done downloading.

When this `load` event occurs, Cypress will continue running commands.

Because this error occurred during a `before each` hook we are skipping the remaining tests in the current suite: `Sauce Demo UI Tests`" type="CypressError"><![CDATA[CypressError: Timed out after waiting `60000ms` for your remote page to load.

Your page did not fire its `load` event within `60000ms`.

You can try increasing the `pageLoadTimeout` value in `cypress.config.js` to wait longer.

Browsers will not fire the `load` event until all stylesheets and scripts are done downloading.

When this `load` event occurs, Cypress will continue running commands.

Because this error occurred during a `before each` hook we are skipping the remaining tests in the current suite: `Sauce Demo UI Tests`
    at timedOutWaitingForPageLoad (https://www.saucedemo.com/__cypress/runner/cypress_runner.js:130096:64)
    at <unknown> (https://www.saucedemo.com/__cypress/runner/cypress_runner.js:131082:16)
    at tryCatcher (https://www.saucedemo.com/__cypress/runner/cypress_runner.js:1807:23)
    at <unknown> (https://www.saucedemo.com/__cypress/runner/cypress_runner.js:4186:41)
    at tryCatcher (https://www.saucedemo.com/__cypress/runner/cypress_runner.js:1807:23)
    at Promise._settlePromiseFromHandler (https://www.saucedemo.com/__cypress/runner/cypress_runner.js:1519:31)
    at Promise._settlePromise (https://www.saucedemo.com/__cypress/runner/cypress_runner.js:1576:18)
    at Promise._settlePromise0 (https://www.saucedemo.com/__cypress/runner/cypress_runner.js:1621:10)
    at Promise._settlePromises (https://www.saucedemo.com/__cypress/runner/cypress_runner.js:1697:18)
    at _drainQueueStep (https://www.saucedemo.com/__cypress/runner/cypress_runner.js:2407:12)
    at _drainQueue (https://www.saucedemo.com/__cypress/runner/cypress_runner.js:2400:9)
    at Async._drainQueues (https://www.saucedemo.com/__cypress/runner/cypress_runner.js:2416:5)
    at Async.drainQueues (https://www.saucedemo.com/__cypress/runner/cypress_runner.js:2286:14)
From Your Spec Code:
    at Context.eval (webpack://irene/./cypress/e2e/spec.cy.js:78:7)]]></failure>
    </testcase>
  </testsuite>
</testsuites>